[04:11:59] [main/INFO]: Environment: authHost='https://authserver.mojang.com', accountsHost='https://api.mojang.com', sessionHost='https://sessionserver.mojang.com', name='PROD'
[04:12:01] [main/INFO]: Reloading ResourceManager: Default, bukkit
[04:12:03] [Worker-Main-2/INFO]: Loaded 7 recipes
[04:12:05] [Server thread/INFO]: Starting minecraft server version 1.16.1
[04:12:05] [Server thread/INFO]: Loading properties
[04:12:06] [Server thread/INFO]: This server is running CraftBukkit version git-Spigot-9639cf7-8fb6585 (MC: 1.16.1) (Implementing API version 1.16.1-R0.1-SNAPSHOT)
[04:12:07] [Server thread/INFO]: Server Ping Player Sample Count: 12
[04:12:07] [Server thread/INFO]: Using 4 threads for Netty based IO
[04:12:07] [Server thread/INFO]: Debug logging is disabled
[04:12:07] [Server thread/INFO]: Default game type: SURVIVAL
[04:12:07] [Server thread/INFO]: Generating keypair
[04:12:08] [Server thread/INFO]: Starting Minecraft server on *:25565
[04:12:08] [Server thread/INFO]: Using epoll channel type
[04:12:12] [Server thread/INFO]: [LuckPerms] Loading LuckPerms v5.1.26
[04:12:19] [Server thread/INFO]: [Essentials] Loading Essentials v2.18.0.0
[04:12:19] [Server thread/INFO]: [EssentialsSpawn] Loading EssentialsSpawn v2.18.0.0
[04:12:19] [Server thread/INFO]: [EssentialsGeoIP] Loading EssentialsGeoIP v2.18.0.0
[04:12:19] [Server thread/INFO]: [EssentialsChat] Loading EssentialsChat v2.18.0.0
[04:12:19] [Server thread/INFO]: [EssentialsAntiBuild] Loading EssentialsAntiBuild v2.18.0.0
[04:12:19] [Server thread/INFO]: [RedProtect] Loading RedProtect v7.7.2
[04:12:19] [Server thread/INFO]: [EssentialsProtect] Loading EssentialsProtect v2.18.0.0
[04:12:19] [Server thread/INFO]: [LuckPerms] Enabling LuckPerms v5.1.26
[04:12:19] [Server thread/INFO]: [0;36;1m       [0;36;22m __    [m
[04:12:19] [Server thread/INFO]: [0;36;1m  |    [0;36;22m|__)   [0;32;22mLuckPerms [0;36;1mv5.1.26[m
[04:12:19] [Server thread/INFO]: [0;36;1m  |___ [0;36;22m|      [0;30;1mRunning on Bukkit - CraftBukkit[m
[04:12:19] [Server thread/INFO]: [m
[04:12:19] [Server thread/INFO]: [LuckPerms] Loading configuration...
[04:12:20] [Server thread/INFO]: [LuckPerms] Loading storage provider... [H2]
[04:12:23] [Server thread/INFO]: [LuckPerms] Loading internal permission managers...
[04:12:24] [Server thread/INFO]: [LuckPerms] Performing initial data load...
[04:12:24] [Server thread/INFO]: [LuckPerms] Successfully enabled. (took 5290ms)
[04:12:24] [Server thread/INFO]: Preparing level "world"
[04:12:24] [Server thread/INFO]: -------- World Settings For [world] --------
[04:12:24] [Server thread/INFO]: Entity Tracking Range: Pl 48 / An 48 / Mo 48 / Mi 32 / Other 64
[04:12:24] [Server thread/INFO]: Allow Zombie Pigmen to spawn from portal blocks: true
[04:12:24] [Server thread/INFO]: Item Merge Radius: 2.5
[04:12:24] [Server thread/INFO]: Item Despawn Rate: 6000
[04:12:24] [Server thread/INFO]: View Distance: 10
[04:12:24] [Server thread/INFO]: Arrow Despawn Rate: 1200 Trident Respawn Rate:1200
[04:12:24] [Server thread/INFO]: Zombie Aggressive Towards Villager: true
[04:12:24] [Server thread/INFO]: Nerfing mobs spawned from spawners: false
[04:12:24] [Server thread/INFO]: Mob Spawn Range: 6
[04:12:24] [Server thread/INFO]: Experience Merge Radius: 3.0
[04:12:24] [Server thread/INFO]: Cactus Growth Modifier: 100%
[04:12:24] [Server thread/INFO]: Cane Growth Modifier: 100%
[04:12:24] [Server thread/INFO]: Melon Growth Modifier: 100%
[04:12:24] [Server thread/INFO]: Mushroom Growth Modifier: 100%
[04:12:24] [Server thread/INFO]: Pumpkin Growth Modifier: 100%
[04:12:25] [Server thread/INFO]: Sapling Growth Modifier: 100%
[04:12:25] [Server thread/INFO]: Beetroot Growth Modifier: 100%
[04:12:25] [Server thread/INFO]: Carrot Growth Modifier: 100%
[04:12:25] [Server thread/INFO]: Potato Growth Modifier: 100%
[04:12:25] [Server thread/INFO]: Wheat Growth Modifier: 100%
[04:12:25] [Server thread/INFO]: NetherWart Growth Modifier: 100%
[04:12:25] [Server thread/INFO]: Vine Growth Modifier: 100%
[04:12:25] [Server thread/INFO]: Cocoa Growth Modifier: 100%
[04:12:25] [Server thread/INFO]: Bamboo Growth Modifier: 100%
[04:12:25] [Server thread/INFO]: SweetBerry Growth Modifier: 100%
[04:12:25] [Server thread/INFO]: Kelp Growth Modifier: 100%
[04:12:25] [Server thread/INFO]: Entity Activation Range: An 32 / Mo 32 / Ra 48 / Mi 16 / Tiv true
[04:12:25] [Server thread/INFO]: Hopper Transfer: 8 Hopper Check: 1 Hopper Amount: 1
[04:12:25] [Server thread/INFO]: Custom Map Seeds:  Village: 10387312 Desert: 14357617 Igloo: 14357618 Jungle: 14357619 Swamp: 14357620 Monument: 10387313 Ocean: 14357621 Shipwreck: 165745295 End City: 10387313 Slime: 987234911 Bastion: 30084232 Fortress: 30084232 Mansion: 10387319 Fossil: 14357921 Portal: 34222645
[04:12:25] [Server thread/INFO]: Max TNT Explosions: 100
[04:12:25] [Server thread/INFO]: Tile Max Tick Time: 50ms Entity max Tick Time: 50ms
[04:12:25] [Server thread/INFO]: -------- World Settings For [world_nether] --------
[04:12:25] [Server thread/INFO]: Entity Tracking Range: Pl 48 / An 48 / Mo 48 / Mi 32 / Other 64
[04:12:25] [Server thread/INFO]: Allow Zombie Pigmen to spawn from portal blocks: true
[04:12:25] [Server thread/INFO]: Item Merge Radius: 2.5
[04:12:25] [Server thread/INFO]: Item Despawn Rate: 6000
[04:12:25] [Server thread/INFO]: View Distance: 10
[04:12:25] [Server thread/INFO]: Arrow Despawn Rate: 1200 Trident Respawn Rate:1200
[04:12:25] [Server thread/INFO]: Zombie Aggressive Towards Villager: true
[04:12:25] [Server thread/INFO]: Nerfing mobs spawned from spawners: false
[04:12:25] [Server thread/INFO]: Mob Spawn Range: 6
[04:12:25] [Server thread/INFO]: Experience Merge Radius: 3.0
[04:12:25] [Server thread/INFO]: Cactus Growth Modifier: 100%
[04:12:25] [Server thread/INFO]: Cane Growth Modifier: 100%
[04:12:25] [Server thread/INFO]: Melon Growth Modifier: 100%
[04:12:25] [Server thread/INFO]: Mushroom Growth Modifier: 100%
[04:12:25] [Server thread/INFO]: Pumpkin Growth Modifier: 100%
[04:12:25] [Server thread/INFO]: Sapling Growth Modifier: 100%
[04:12:25] [Server thread/INFO]: Beetroot Growth Modifier: 100%
[04:12:25] [Server thread/INFO]: Carrot Growth Modifier: 100%
[04:12:25] [Server thread/INFO]: Potato Growth Modifier: 100%
[04:12:25] [Server thread/INFO]: Wheat Growth Modifier: 100%
[04:12:25] [Server thread/INFO]: NetherWart Growth Modifier: 100%
[04:12:25] [Server thread/INFO]: Vine Growth Modifier: 100%
[04:12:25] [Server thread/INFO]: Cocoa Growth Modifier: 100%
[04:12:25] [Server thread/INFO]: Bamboo Growth Modifier: 100%
[04:12:25] [Server thread/INFO]: SweetBerry Growth Modifier: 100%
[04:12:25] [Server thread/INFO]: Kelp Growth Modifier: 100%
[04:12:25] [Server thread/INFO]: Entity Activation Range: An 32 / Mo 32 / Ra 48 / Mi 16 / Tiv true
[04:12:25] [Server thread/INFO]: Hopper Transfer: 8 Hopper Check: 1 Hopper Amount: 1
[04:12:25] [Server thread/INFO]: Custom Map Seeds:  Village: 10387312 Desert: 14357617 Igloo: 14357618 Jungle: 14357619 Swamp: 14357620 Monument: 10387313 Ocean: 14357621 Shipwreck: 165745295 End City: 10387313 Slime: 987234911 Bastion: 30084232 Fortress: 30084232 Mansion: 10387319 Fossil: 14357921 Portal: 34222645
[04:12:25] [Server thread/INFO]: Max TNT Explosions: 100
[04:12:25] [Server thread/INFO]: Tile Max Tick Time: 50ms Entity max Tick Time: 50ms
[04:12:25] [Server thread/INFO]: -------- World Settings For [world_the_end] --------
[04:12:25] [Server thread/INFO]: Entity Tracking Range: Pl 48 / An 48 / Mo 48 / Mi 32 / Other 64
[04:12:25] [Server thread/INFO]: Allow Zombie Pigmen to spawn from portal blocks: true
[04:12:25] [Server thread/INFO]: Item Merge Radius: 2.5
[04:12:25] [Server thread/INFO]: Item Despawn Rate: 6000
[04:12:25] [Server thread/INFO]: View Distance: 10
[04:12:25] [Server thread/INFO]: Arrow Despawn Rate: 1200 Trident Respawn Rate:1200
[04:12:25] [Server thread/INFO]: Zombie Aggressive Towards Villager: true
[04:12:25] [Server thread/INFO]: Nerfing mobs spawned from spawners: false
[04:12:25] [Server thread/INFO]: Mob Spawn Range: 6
[04:12:25] [Server thread/INFO]: Experience Merge Radius: 3.0
[04:12:25] [Server thread/INFO]: Cactus Growth Modifier: 100%
[04:12:25] [Server thread/INFO]: Cane Growth Modifier: 100%
[04:12:25] [Server thread/INFO]: Melon Growth Modifier: 100%
[04:12:25] [Server thread/INFO]: Mushroom Growth Modifier: 100%
[04:12:25] [Server thread/INFO]: Pumpkin Growth Modifier: 100%
[04:12:25] [Server thread/INFO]: Sapling Growth Modifier: 100%
[04:12:25] [Server thread/INFO]: Beetroot Growth Modifier: 100%
[04:12:25] [Server thread/INFO]: Carrot Growth Modifier: 100%
[04:12:25] [Server thread/INFO]: Potato Growth Modifier: 100%
[04:12:25] [Server thread/INFO]: Wheat Growth Modifier: 100%
[04:12:25] [Server thread/INFO]: NetherWart Growth Modifier: 100%
[04:12:25] [Server thread/INFO]: Vine Growth Modifier: 100%
[04:12:25] [Server thread/INFO]: Cocoa Growth Modifier: 100%
[04:12:25] [Server thread/INFO]: Bamboo Growth Modifier: 100%
[04:12:25] [Server thread/INFO]: SweetBerry Growth Modifier: 100%
[04:12:25] [Server thread/INFO]: Kelp Growth Modifier: 100%
[04:12:25] [Server thread/INFO]: Entity Activation Range: An 32 / Mo 32 / Ra 48 / Mi 16 / Tiv true
[04:12:25] [Server thread/INFO]: Hopper Transfer: 8 Hopper Check: 1 Hopper Amount: 1
[04:12:25] [Server thread/INFO]: Custom Map Seeds:  Village: 10387312 Desert: 14357617 Igloo: 14357618 Jungle: 14357619 Swamp: 14357620 Monument: 10387313 Ocean: 14357621 Shipwreck: 165745295 End City: 10387313 Slime: 987234911 Bastion: 30084232 Fortress: 30084232 Mansion: 10387319 Fossil: 14357921 Portal: 34222645
[04:12:25] [Server thread/INFO]: Max TNT Explosions: 100
[04:12:25] [Server thread/INFO]: Tile Max Tick Time: 50ms Entity max Tick Time: 50ms
[04:12:25] [Server thread/INFO]: Preparing start region for dimension minecraft:overworld
[04:12:28] [Server thread/INFO]: Preparing spawn area: 0%
[04:12:28] [Server thread/INFO]: Preparing spawn area: 0%
[04:12:28] [Server thread/INFO]: Preparing spawn area: 0%
[04:12:28] [Server thread/INFO]: Preparing spawn area: 0%
[04:12:28] [Server thread/INFO]: Preparing spawn area: 0%
[04:12:28] [Server thread/INFO]: Preparing spawn area: 0%
[04:12:28] [Server thread/INFO]: Preparing spawn area: 0%
[04:12:29] [Server thread/INFO]: Preparing spawn area: 0%
[04:12:29] [Server thread/INFO]: Preparing spawn area: 54%
[04:12:31] [Server thread/INFO]: Time elapsed: 5688 ms
[04:12:31] [Server thread/INFO]: Preparing start region for dimension minecraft:the_nether
[04:12:32] [Server thread/INFO]: Preparing spawn area: 0%
[04:12:32] [Server thread/INFO]: Preparing spawn area: 0%
[04:12:32] [Server thread/INFO]: Preparing spawn area: 0%
[04:12:32] [Server thread/INFO]: Preparing spawn area: 0%
[04:12:33] [Server thread/INFO]: Time elapsed: 2015 ms
[04:12:33] [Server thread/INFO]: Preparing start region for dimension minecraft:the_end
[04:12:33] [Server thread/INFO]: Preparing spawn area: 0%
[04:12:33] [Server thread/INFO]: Preparing spawn area: 0%
[04:12:34] [Server thread/INFO]: Preparing spawn area: 83%
[04:12:34] [Worker-Main-3/INFO]: Preparing spawn area: 92%
[04:12:35] [Worker-Main-3/INFO]: Preparing spawn area: 92%
[04:12:35] [Worker-Main-3/INFO]: Preparing spawn area: 92%
[04:12:36] [Worker-Main-3/INFO]: Preparing spawn area: 96%
[04:12:36] [Server thread/INFO]: Time elapsed: 3320 ms
[04:12:36] [Server thread/INFO]: [Essentials] Enabling Essentials v2.18.0.0
[04:12:36] [Server thread/INFO]: Creating config from template: /home/minecraft/minecraft/plugins/Essentials/config.yml
[04:12:36] [Server thread/INFO]: Creating config from template: /home/minecraft/minecraft/plugins/Essentials/kits.yml
[04:12:36] [Server thread/INFO]: Attempting to convert old kits in config.yml to new kits.yml
[04:12:36] [Server thread/INFO]: No kits found to migrate.
[04:12:36] [Server thread/INFO]: [Essentials] Starting Essentials ban format conversion
[04:12:36] [Server thread/INFO]: [Essentials] Starting usermap repair
[04:12:36] [Server thread/WARN]: [Essentials] Missing userdata folder, aborting
[04:12:36] [Server thread/INFO]: Attempting to migrate ignore list to UUIDs
[04:12:36] [Server thread/INFO]: Creating config from template: /home/minecraft/minecraft/plugins/Essentials/worth.yml
[04:12:36] [pool-8-thread-1/INFO]: Creating empty config: /home/minecraft/minecraft/plugins/Essentials/upgrades-done.yml
[04:12:36] [Server thread/INFO]: Creating config from template: /home/minecraft/minecraft/plugins/Essentials/tpr.yml
[04:12:37] [Server thread/INFO]: Loaded 25515 items from items.json.
[04:12:37] [Server thread/INFO]: Creating config from template: /home/minecraft/minecraft/plugins/Essentials/custom_items.yml
[04:12:37] [Server thread/INFO]: Using locale en
[04:12:37] [Server thread/INFO]: [Essentials] ServerListPingEvent: Spigot iterator API
[04:12:37] [Server thread/INFO]: [Essentials] Starting Metrics. Opt-out using the global bStats config.
[04:12:37] [Server thread/WARN]: [Essentials] Detected supported permissions plugin LuckPerms without Vault installed.
[04:12:37] [Server thread/WARN]: [Essentials] Features such as chat prefixes/suffixes and group-related functionality will not work until you install Vault.
[04:12:37] [Server thread/INFO]: [Essentials] Using superperms-based permissions.
[04:12:37] [Server thread/INFO]: [EssentialsSpawn] Enabling EssentialsSpawn v2.18.0.0
[04:12:37] [Server thread/INFO]: [EssentialsSpawn] Starting Metrics. Opt-out using the global bStats config.
[04:12:37] [Server thread/INFO]: [EssentialsGeoIP] Enabling EssentialsGeoIP v2.18.0.0
[04:12:37] [Server thread/INFO]: Creating config from template: /home/minecraft/minecraft/plugins/EssentialsGeoIP/config.yml
[04:12:38] [Server thread/ERROR]: No license key found! Please visit https://essentialsx.cf/geoip for first time setup instructions.
[04:12:38] [Server thread/ERROR]: Failed to read GeoIP database!
java.io.FileNotFoundException: plugins/EssentialsGeoIP/GeoIP2-Country.mmdb (No such file or directory)
	at java.io.RandomAccessFile.open0(Native Method) ~[?:1.8.0_252]
	at java.io.RandomAccessFile.open(RandomAccessFile.java:316) ~[?:1.8.0_252]
	at java.io.RandomAccessFile.<init>(RandomAccessFile.java:243) ~[?:1.8.0_252]
	at com.maxmind.db.BufferHolder.<init>(BufferHolder.java:19) ~[?:?]
	at com.maxmind.db.Reader.<init>(Reader.java:116) ~[?:?]
	at com.maxmind.geoip2.DatabaseReader.<init>(DatabaseReader.java:66) ~[?:?]
	at com.maxmind.geoip2.DatabaseReader.<init>(DatabaseReader.java:54) ~[?:?]
	at com.maxmind.geoip2.DatabaseReader$Builder.build(DatabaseReader.java:160) ~[?:?]
	at com.earth2me.essentials.geoip.EssentialsGeoIPPlayerListener.reloadConfig(EssentialsGeoIPPlayerListener.java:162) ~[?:?]
	at com.earth2me.essentials.geoip.EssentialsGeoIPPlayerListener.<init>(EssentialsGeoIPPlayerListener.java:43) ~[?:?]
	at com.earth2me.essentials.geoip.EssentialsGeoIP.onEnable(EssentialsGeoIP.java:33) ~[?:?]
	at org.bukkit.plugin.java.JavaPlugin.setEnabled(JavaPlugin.java:263) ~[spigot-1.16.1.jar:git-Spigot-9639cf7-8fb6585]
	at org.bukkit.plugin.java.JavaPluginLoader.enablePlugin(JavaPluginLoader.java:351) ~[spigot-1.16.1.jar:git-Spigot-9639cf7-8fb6585]
	at org.bukkit.plugin.SimplePluginManager.enablePlugin(SimplePluginManager.java:480) ~[spigot-1.16.1.jar:git-Spigot-9639cf7-8fb6585]
	at org.bukkit.craftbukkit.v1_16_R1.CraftServer.enablePlugin(CraftServer.java:493) ~[spigot-1.16.1.jar:git-Spigot-9639cf7-8fb6585]
	at org.bukkit.craftbukkit.v1_16_R1.CraftServer.enablePlugins(CraftServer.java:407) ~[spigot-1.16.1.jar:git-Spigot-9639cf7-8fb6585]
	at net.minecraft.server.v1_16_R1.MinecraftServer.loadWorld(MinecraftServer.java:438) ~[spigot-1.16.1.jar:git-Spigot-9639cf7-8fb6585]
	at net.minecraft.server.v1_16_R1.DedicatedServer.init(DedicatedServer.java:219) ~[spigot-1.16.1.jar:git-Spigot-9639cf7-8fb6585]
	at net.minecraft.server.v1_16_R1.MinecraftServer.v(MinecraftServer.java:810) ~[spigot-1.16.1.jar:git-Spigot-9639cf7-8fb6585]
	at net.minecraft.server.v1_16_R1.MinecraftServer.lambda$0(MinecraftServer.java:164) ~[spigot-1.16.1.jar:git-Spigot-9639cf7-8fb6585]
	at java.lang.Thread.run(Thread.java:748) [?:1.8.0_252]
[04:12:38] [Server thread/INFO]: [EssentialsGeoIP] This product includes GeoLite2 data created by MaxMind, available from http://www.maxmind.com/.
[04:12:38] [Server thread/INFO]: [EssentialsGeoIP] Starting Metrics. Opt-out using the global bStats config.
[04:12:38] [Server thread/INFO]: [EssentialsChat] Enabling EssentialsChat v2.18.0.0
[04:12:38] [Server thread/INFO]: [EssentialsChat] Starting Metrics. Opt-out using the global bStats config.
[04:12:38] [Server thread/INFO]: [EssentialsAntiBuild] Enabling EssentialsAntiBuild v2.18.0.0
[04:12:38] [Server thread/INFO]: [EssentialsAntiBuild] Starting Metrics. Opt-out using the global bStats config.
[04:12:38] [Server thread/INFO]: [RedProtect] Enabling RedProtect v7.7.2
[04:12:38] [Server thread/INFO]: [RedProtect] Server version: 1.16.1-R0.1-SNAPSHOT[m
[04:12:38] [Server thread/INFO]: [RedProtect] [0;33;22mAdded world to claim types list world[m[m
[04:12:38] [Server thread/INFO]: [RedProtect] [0;33;22mAdded world to colors list world[m[m
[04:12:38] [Server thread/INFO]: [RedProtect] [0;33;22mAdded world to claim types list world_nether[m[m
[04:12:38] [Server thread/INFO]: [RedProtect] [0;33;22mAdded world to colors list world_nether[m[m
[04:12:38] [Server thread/INFO]: [RedProtect] [0;33;22mAdded world to claim types list world_the_end[m[m
[04:12:38] [Server thread/INFO]: [RedProtect] [0;33;22mAdded world to colors list world_the_end[m[m
[04:12:38] [Server thread/INFO]: [RedProtect] [0;33;22mAdded world to allowed claim list world[m[m
[04:12:38] [Server thread/INFO]: [RedProtect] [0;33;22mAdded world to allowed claim list world_nether[m[m
[04:12:38] [Server thread/INFO]: [RedProtect] [0;33;22mAdded world to allowed claim list world_the_end[m[m
[04:12:38] [Server thread/INFO]: [RedProtect] Created folder: plugins/RedProtect/logs[m
[04:12:39] [Server thread/INFO]: [RedProtect] All configurations loaded![m
[04:12:39] [Server thread/INFO]: [RedProtect] Created language file: plugins/RedProtect/langEN-US.properties[m
[04:12:39] [Server thread/INFO]: [RedProtect] Language file loaded - Using: EN-US[m
[04:12:39] [Server thread/INFO]: [RedProtect] Registering commands...[m
[04:12:39] [Server thread/INFO]: [RedProtect] Registering listeners...[m
[04:12:39] [Server thread/INFO]: [RedProtect] Essentials found. Hooked.[m
[04:12:39] [Server thread/INFO]: [RedProtect] - Loading world's regions...[m
[04:12:39] [Server thread/INFO]: [RedProtect] - Loading world_nether's regions...[m
[04:12:39] [Server thread/INFO]: [RedProtect] - Loading world_the_end's regions...[m
[04:12:39] [Server thread/INFO]: [RedProtect] Auto-save Scheduler: Saving file database every 60 minutes![m
[04:12:39] [Server thread/INFO]: [RedProtect] There are 0 regions on (file) database![m
[04:12:39] [Server thread/INFO]: [RedProtect] Created GUI language file: plugins/RedProtect/guiEN-US.properties[m
[04:12:39] [Server thread/INFO]: [RedProtect] Helper version: Latest[m
[04:12:39] [Server thread/INFO]: [RedProtect] Loading GuiFlags for 1.14+[m
[04:12:39] [Server thread/INFO]: [RedProtect] Metrics enabled! See our stats here: https://bstats.org/plugin/bukkit/RedProtect[m
[04:12:39] [Server thread/INFO]: [RedProtect] Loading API...[m
[04:12:39] [Server thread/INFO]: [RedProtect] API Loaded![m
[04:12:39] [Server thread/INFO]: [0;31;22m _   _  _  [0;31;1m _   _   _  _ _  _  _ _ _  __[m
[04:12:39] [Server thread/INFO]: [0;31;22m|_| |_ | \ [0;31;1m|_| |_| | |  |  |_ |   |    /[m
[04:12:39] [Server thread/INFO]: [0;31;22m| \ |_ |_/ [0;31;1m|   | \ |_|  |  |_ |_  |   /[m
[04:12:39] [Server thread/INFO]: [0;32;1m» RedProtect v7.7.2 enabled[m
[04:12:39] [Server thread/INFO]: [m
[04:12:39] [Server thread/INFO]: [EssentialsProtect] Enabling EssentialsProtect v2.18.0.0
[04:12:39] [Server thread/INFO]: [EssentialsProtect] Continuing to enable Protect.
[04:12:39] [Server thread/INFO]: [EssentialsProtect] Starting Metrics. Opt-out using the global bStats config.
[04:12:40] [Server thread/INFO]: Server permissions file permissions.yml is empty, ignoring it
[04:12:40] [Server thread/INFO]: Done (15.917s)! For help, type "help"
[04:13:09] [Server thread/WARN]: Can't keep up! Is the server overloaded? Running 28817ms or 576 ticks behind
[04:13:43] [User Authenticator #1/INFO]: UUID of player redspirit1717 is 1692d39e-9d4d-41c6-8cf3-a602241248b3
[04:13:47] [Server thread/INFO]: redspirit1717[/173.27.48.6:56104] logged in with entity id 405 at ([world]325.4805272544229, 64.0, 149.0892889943472)
[04:13:48] [Server thread/WARN]: Can't keep up! Is the server overloaded? Running 5153ms or 103 ticks behind
[04:13:48] [Craft Scheduler Thread - 3/WARN]: [Essentials] Plugin Essentials v2.18.0.0 generated an exception while executing task 18
java.lang.NullPointerException: null
	at com.earth2me.essentials.geoip.EssentialsGeoIPPlayerListener.delayedJoin(EssentialsGeoIPPlayerListener.java:80) ~[?:?]
	at com.earth2me.essentials.geoip.EssentialsGeoIPPlayerListener.lambda$onPlayerJoin$0(EssentialsGeoIPPlayerListener.java:48) ~[?:?]
	at org.bukkit.craftbukkit.v1_16_R1.scheduler.CraftTask.run(CraftTask.java:81) ~[spigot-1.16.1.jar:git-Spigot-9639cf7-8fb6585]
	at org.bukkit.craftbukkit.v1_16_R1.scheduler.CraftAsyncTask.run(CraftAsyncTask.java:54) [spigot-1.16.1.jar:git-Spigot-9639cf7-8fb6585]
	at java.util.concurrent.ThreadPoolExecutor.runWorker(ThreadPoolExecutor.java:1149) [?:1.8.0_252]
	at java.util.concurrent.ThreadPoolExecutor$Worker.run(ThreadPoolExecutor.java:624) [?:1.8.0_252]
	at java.lang.Thread.run(Thread.java:748) [?:1.8.0_252]
[04:13:49] [Server thread/WARN]: File motd.txt does not exist. Creating one for you.
[04:13:49] [pool-8-thread-1/INFO]: Creating empty config: /home/minecraft/minecraft/plugins/Essentials/userdata/1692d39e-9d4d-41c6-8cf3-a602241248b3.yml
[04:13:58] [Server thread/WARN]: Initializing Legacy Material Support. Unless you have legacy plugins and/or data this is a bug!
[04:15:17] [Server thread/INFO]: redspirit1717 issued server command: /home home
[04:15:17] [Server thread/INFO]: §credspirit1717 §4was denied access to command.
[04:16:23] [Server thread/INFO]: redspirit1717 issued server command: /ping
[04:16:23] [Server thread/INFO]: §credspirit1717 §4was denied access to command.
[04:20:23] [Server thread/INFO]: redspirit1717 lost connection: Disconnected
[04:20:23] [Server thread/INFO]: redspirit1717 left the game
[04:20:30] [Server thread/INFO]: Stopping the server
[04:20:30] [Server thread/INFO]: Stopping server
[04:20:30] [Server thread/INFO]: [EssentialsProtect] Disabling EssentialsProtect v2.18.0.0
[04:20:30] [Server thread/INFO]: [RedProtect] Disabling RedProtect v7.7.2
[04:20:30] [Server thread/INFO]: [RedProtect] Saving world's regions...[m
[04:20:30] [Server thread/INFO]: [RedProtect] Saving world_the_end's regions...[m
[04:20:30] [Server thread/INFO]: [RedProtect] Saving world_nether's regions...[m
[04:20:30] [Server thread/INFO]: [RedProtect] Unregistering listeners...[m
[04:20:30] [Server thread/INFO]: [RedProtect] RedProtect v7.7.2 turned off...[m
[04:20:30] [Server thread/INFO]: [EssentialsAntiBuild] Disabling EssentialsAntiBuild v2.18.0.0
[04:20:30] [Server thread/INFO]: [EssentialsChat] Disabling EssentialsChat v2.18.0.0
[04:20:30] [Server thread/INFO]: [EssentialsGeoIP] Disabling EssentialsGeoIP v2.18.0.0
[04:20:30] [Server thread/INFO]: [EssentialsSpawn] Disabling EssentialsSpawn v2.18.0.0
[04:20:30] [Server thread/INFO]: [Essentials] Disabling Essentials v2.18.0.0
[04:20:30] [Server thread/INFO]: [LuckPerms] Disabling LuckPerms v5.1.26
[04:20:30] [Server thread/INFO]: [LuckPerms] Starting shutdown process...
[04:20:30] [Server thread/INFO]: [LuckPerms] Closing storage...
[04:20:30] [Server thread/INFO]: [LuckPerms] Goodbye!
[04:20:30] [Server thread/INFO]: Saving players
[04:20:30] [Server thread/INFO]: Saving worlds
[04:20:30] [Server thread/INFO]: Saving chunks for level 'ServerLevel[world]'/minecraft:overworld
[04:20:31] [Server thread/INFO]: ThreadedAnvilChunkStorage (world): All chunks are saved
[04:20:31] [Server thread/INFO]: Saving chunks for level 'ServerLevel[world_nether]'/minecraft:the_nether
[04:20:31] [Server thread/INFO]: ThreadedAnvilChunkStorage (DIM-1): All chunks are saved
[04:20:31] [Server thread/INFO]: Saving chunks for level 'ServerLevel[world_the_end]'/minecraft:the_end
[04:20:31] [Server thread/INFO]: ThreadedAnvilChunkStorage (DIM1): All chunks are saved
[04:20:31] [Server thread/INFO]: ThreadedAnvilChunkStorage (world): All chunks are saved
[04:20:31] [Server thread/INFO]: ThreadedAnvilChunkStorage (DIM-1): All chunks are saved
[04:20:31] [Server thread/INFO]: ThreadedAnvilChunkStorage (DIM1): All chunks are saved
